app/build/outputs/logs/manifest-merger-debug-report.txt
-- Merging decision tree log ---
manifest
ADDED from src/main/AndroidManifest.xml:2:1-228:12
	package
		ADDED from src/main/AndroidManifest.xml:3:5-67
		INJECTED from src/main/AndroidManifest.xml
		INJECTED from src/main/AndroidManifest.xml
	android:versionName
		ADDED from src/main/AndroidManifest.xml:5:5-30
		INJECTED from src/main/AndroidManifest.xml
		INJECTED from src/main/AndroidManifest.xml
	android:versionCode
		ADDED from src/main/AndroidManifest.xml:4:5-29
		INJECTED from src/main/AndroidManifest.xml
		INJECTED from src/main/AndroidManifest.xml
	xmlns:android
		ADDED from src/main/AndroidManifest.xml:2:11-69
uses-permission#android.permission.VIBRATE
ADDED from src/main/AndroidManifest.xml:7:5-66
	android:name
		ADDED from src/main/AndroidManifest.xml:7:22-63
uses-permission#android.permission.READ_PHONE_STATE
ADDED from src/main/AndroidManifest.xml:8:5-75
	android:name
		ADDED from src/main/AndroidManifest.xml:8:22-72
uses-permission#android.permission.ACCESS_NETWORK_STATE
ADDED from src/main/AndroidManifest.xml:9:5-79
MERGED from [com.google.android.gms:play-services-ads-lite:10.2.0] AndroidManifest.xml:20:5-78
MERGED from [com.google.android.gms:play-services-analytics:10.2.0] AndroidManifest.xml:21:5-78
MERGED from [com.google.android.gms:play-services-nearby:10.2.0] AndroidManifest.xml:4:5-78
MERGED from [com.google.android.gms:play-services-tagmanager-api:10.2.0] AndroidManifest.xml:21:5-78
MERGED from [com.google.android.gms:play-services-analytics-impl:10.2.0] AndroidManifest.xml:21:5-78
MERGED from [com.google.android.gms:play-services-maps:10.2.0] AndroidManifest.xml:19:5-78
MERGED from [com.google.firebase:firebase-analytics:10.2.0] AndroidManifest.xml:21:5-78
MERGED from [com.google.firebase:firebase-analytics-impl:10.2.0] AndroidManifest.xml:21:5-78
MERGED from [com.google.firebase:firebase-iid:10.2.0] AndroidManifest.xml:19:5-78
	android:name
		ADDED from src/main/AndroidManifest.xml:9:22-76
uses-permission#android.permission.CHANGE_WIFI_STATE
ADDED from src/main/AndroidManifest.xml:10:5-76
	android:name
		ADDED from src/main/AndroidManifest.xml:10:22-73
uses-permission#com.google.android.gms.permission.ACTIVITY_RECOGNITION
ADDED from src/main/AndroidManifest.xml:11:5-94
	android:name
		ADDED from src/main/AndroidManifest.xml:11:22-91
uses-permission#android.permission.ACCESS_COARSE_LOCATION
ADDED from src/main/AndroidManifest.xml:12:5-81
	android:name
		ADDED from src/main/AndroidManifest.xml:12:22-78
uses-permission#android.permission.ACCESS_FINE_LOCATION
ADDED from src/main/AndroidManifest.xml:13:5-79
	android:name
		ADDED from src/main/AndroidManifest.xml:13:22-76
uses-permission#android.permission.INTERNET
ADDED from src/main/AndroidManifest.xml:14:5-67
MERGED from [com.google.android.gms:play-services-ads-lite:10.2.0] AndroidManifest.xml:19:5-66
MERGED from [com.google.android.gms:play-services-analytics:10.2.0] AndroidManifest.xml:20:5-66
MERGED from [com.google.android.gms:play-services-appinvite:10.2.0] AndroidManifest.xml:18:5-66
MERGED from [com.google.firebase:firebase-crash:10.2.0] AndroidManifest.xml:18:5-66
MERGED from [com.google.android.gms:play-services-gcm:10.2.0] AndroidManifest.xml:21:5-66
MERGED from [com.google.android.gms:play-services-iid:10.2.0] AndroidManifest.xml:21:5-66
MERGED from [com.google.android.gms:play-services-tagmanager-api:10.2.0] AndroidManifest.xml:20:5-66
MERGED from [com.google.android.gms:play-services-analytics-impl:10.2.0] AndroidManifest.xml:20:5-66
MERGED from [com.google.android.gms:play-services-maps:10.2.0] AndroidManifest.xml:20:5-66
MERGED from [com.google.firebase:firebase-analytics:10.2.0] AndroidManifest.xml:20:5-66
MERGED from [com.google.firebase:firebase-analytics-impl:10.2.0] AndroidManifest.xml:20:5-66
MERGED from [com.google.firebase:firebase-iid:10.2.0] AndroidManifest.xml:20:5-66
	android:name
		ADDED from src/main/AndroidManifest.xml:14:22-64
uses-permission#com.google.android.providers.gsf.permission.READ_GSERVICES
ADDED from src/main/AndroidManifest.xml:15:5-98
	android:name
		ADDED from src/main/AndroidManifest.xml:15:22-95
uses-permission#android.permission.WRITE_EXTERNAL_STORAGE
ADDED from src/main/AndroidManifest.xml:16:5-81
	android:name
		ADDED from src/main/AndroidManifest.xml:16:22-78
application
ADDED from src/main/AndroidManifest.xml:18:5-226:19
MERGED from [com.android.support.constraint:constraint-layout:1.0.1] AndroidManifest.xml:9:5-20
MERGED from [com.android.support:design:25.3.1] AndroidManifest.xml:29:5-20
MERGED from [com.android.support:transition:25.3.1] AndroidManifest.xml:26:5-20
MERGED from [com.google.android.gms:play-services:10.2.0] AndroidManifest.xml:5:5-20
MERGED from [com.google.android.gms:play-services-ads-lite:10.2.0] AndroidManifest.xml:23:5-27:19
MERGED from [com.google.android.gms:play-services-analytics:10.2.0] AndroidManifest.xml:26:5-19
MERGED from [com.google.android.gms:play-services-appinvite:10.2.0] AndroidManifest.xml:19:5-26:19
MERGED from [com.google.android.gms:play-services-auth:10.2.0] AndroidManifest.xml:19:5-25:19
MERGED from [com.google.android.gms:play-services-cast-framework:10.2.0] AndroidManifest.xml:4:5-8:19
MERGED from [com.google.android.gms:play-services-cast:10.2.0] AndroidManifest.xml:18:5-19
MERGED from [com.android.support:mediarouter-v7:24.0.0] AndroidManifest.xml:22:5-20
MERGED from [com.android.support:palette-v7:24.0.0] AndroidManifest.xml:22:5-23:19
MERGED from [com.android.support:appcompat-v7:25.3.1] AndroidManifest.xml:29:5-20
MERGED from [com.android.support:animated-vector-drawable:25.3.1] AndroidManifest.xml:26:5-20
MERGED from [com.android.support:support-vector-drawable:25.3.1] AndroidManifest.xml:26:5-20
MERGED from [com.google.android.gms:play-services-clearcut:10.2.0] AndroidManifest.xml:18:5-19
MERGED from [com.google.firebase:firebase-config:10.2.0] AndroidManifest.xml:18:5-19
MERGED from [com.google.android.gms:play-services-awareness:10.2.0] AndroidManifest.xml:18:5-19
MERGED from [com.google.firebase:firebase-crash:10.2.0] AndroidManifest.xml:22:5-23:19
MERGED from [com.google.firebase:firebase-auth:10.2.0] AndroidManifest.xml:19:5-20:19
MERGED from [com.google.firebase:firebase-messaging:10.2.0] AndroidManifest.xml:19:5-29:19
MERGED from [com.google.android.gms:play-services-fitness:10.2.0] AndroidManifest.xml:18:5-19
MERGED from [com.google.android.gms:play-services-games:10.2.0] AndroidManifest.xml:18:5-19
MERGED from [com.google.android.gms:play-services-drive:10.2.0] AndroidManifest.xml:18:5-19
MERGED from [com.google.android.gms:play-services-gass:10.2.0] AndroidManifest.xml:4:5-19
MERGED from [com.google.android.gms:play-services-gcm:10.2.0] AndroidManifest.xml:23:5-19
MERGED from [com.google.firebase:firebase-appindexing:10.2.0] AndroidManifest.xml:18:5-19
MERGED from [com.google.android.gms:play-services-iid:10.2.0] AndroidManifest.xml:23:5-19
MERGED from [com.google.android.gms:play-services-location:10.2.0] AndroidManifest.xml:4:5-19
MERGED from [com.google.android.gms:play-services-nearby:10.2.0] AndroidManifest.xml:5:5-19
MERGED from [com.google.android.gms:play-services-panorama:10.2.0] AndroidManifest.xml:18:5-19
MERGED from [com.google.android.gms:play-services-places:10.2.0] AndroidManifest.xml:18:5-19
MERGED from [com.google.android.gms:play-services-plus:10.2.0] AndroidManifest.xml:18:5-19
MERGED from [com.google.android.gms:play-services-safetynet:10.2.0] AndroidManifest.xml:18:5-19
MERGED from [com.google.android.gms:play-services-tagmanager-api:10.2.0] AndroidManifest.xml:23:5-33:19
MERGED from [com.google.android.gms:play-services-tagmanager-v4-impl:10.2.0] AndroidManifest.xml:19:5-19
MERGED from [com.google.android.gms:play-services-analytics-impl:10.2.0] AndroidManifest.xml:26:5-19
MERGED from [com.google.android.gms:play-services-vision:10.2.0] AndroidManifest.xml:4:5-19
MERGED from [com.google.android.gms:play-services-identity:10.2.0] AndroidManifest.xml:18:5-19
MERGED from [com.google.android.gms:play-services-wearable:10.2.0] AndroidManifest.xml:18:5-19
MERGED from [com.google.android.gms:play-services-maps:10.2.0] AndroidManifest.xml:24:5-19
MERGED from [com.google.android.gms:play-services-base:10.2.0] AndroidManifest.xml:18:5-20:19
MERGED from [com.google.firebase:firebase-core:10.2.0] AndroidManifest.xml:5:5-20
MERGED from [com.google.firebase:firebase-analytics:10.2.0] AndroidManifest.xml:24:5-33:19
MERGED from [com.google.firebase:firebase-analytics-impl:10.2.0] AndroidManifest.xml:24:5-28:19
MERGED from [com.google.firebase:firebase-iid:10.2.0] AndroidManifest.xml:28:5-50:19
MERGED from [com.google.firebase:firebase-common:10.2.0] AndroidManifest.xml:4:5-7:19
MERGED from [com.google.android.gms:play-services-tasks:10.2.0] AndroidManifest.xml:4:5-19
MERGED from [com.google.android.gms:play-services-basement:10.2.0] AndroidManifest.xml:19:5-21:19
MERGED from [com.android.support:support-v4:25.3.1] AndroidManifest.xml:29:5-20
MERGED from [com.android.support:support-fragment:25.3.1] AndroidManifest.xml:29:5-20
MERGED from [com.android.support:support-media-compat:25.3.1] AndroidManifest.xml:29:5-20
MERGED from [com.android.support:support-core-ui:25.3.1] AndroidManifest.xml:29:5-20
MERGED from [com.android.support:support-core-utils:25.3.1] AndroidManifest.xml:29:5-20
MERGED from [com.android.support:support-compat:25.3.1] AndroidManifest.xml:29:5-20
	android:label
		ADDED from src/main/AndroidManifest.xml:21:9-41
	android:supportsRtl
		ADDED from src/main/AndroidManifest.xml:22:9-35
	android:allowBackup
		ADDED from src/main/AndroidManifest.xml:19:9-35
	android:icon
		ADDED from src/main/AndroidManifest.xml:20:9-43
	android:theme
		ADDED from src/main/AndroidManifest.xml:23:9-70
activity#syedamanalam.madcourse.neu.edu.numad17s_syedamanalam.tictactoe.MainActivity
ADDED from src/main/AndroidManifest.xml:24:9-60
	android:name
		ADDED from src/main/AndroidManifest.xml:24:19-57
activity#syedamanalam.madcourse.neu.edu.numad17s_syedamanalam.Main
ADDED from src/main/AndroidManifest.xml:25:9-33:20
	android:screenOrientation
		ADDED from src/main/AndroidManifest.xml:27:13-49
	android:name
		ADDED from src/main/AndroidManifest.xml:26:13-33
intent-filter#android.intent.action.MAIN+android.intent.category.LAUNCHER
ADDED from src/main/AndroidManifest.xml:28:13-32:29
action#android.intent.action.MAIN
ADDED from src/main/AndroidManifest.xml:29:17-69
	android:name
		ADDED from src/main/AndroidManifest.xml:29:25-66
category#android.intent.category.LAUNCHER
ADDED from src/main/AndroidManifest.xml:31:17-77
	android:name
		ADDED from src/main/AndroidManifest.xml:31:27-74
activity#syedamanalam.madcourse.neu.edu.numad17s_syedamanalam.tictactoe.GameActivity
ADDED from src/main/AndroidManifest.xml:34:9-36:52
	android:screenOrientation
		ADDED from src/main/AndroidManifest.xml:36:13-49
	android:name
		ADDED from src/main/AndroidManifest.xml:35:13-51
activity#syedamanalam.madcourse.neu.edu.numad17s_syedamanalam.AboutMeActivity
ADDED from src/main/AndroidManifest.xml:37:9-39:20
	android:name
		ADDED from src/main/AndroidManifest.xml:37:19-50
activity#syedamanalam.madcourse.neu.edu.numad17s_syedamanalam.Dictionary.dictionaryActivity
ADDED from src/main/AndroidManifest.xml:40:9-42:52
	android:screenOrientation
		ADDED from src/main/AndroidManifest.xml:42:13-49
	android:name
		ADDED from src/main/AndroidManifest.xml:41:13-58
activity#syedamanalam.madcourse.neu.edu.numad17s_syedamanalam.Dictionary.Acknowledgement
ADDED from src/main/AndroidManifest.xml:43:9-46:52
	android:screenOrientation
		ADDED from src/main/AndroidManifest.xml:46:13-49
	android:parentActivityName
		ADDED from src/main/AndroidManifest.xml:45:13-72
	android:name
		ADDED from src/main/AndroidManifest.xml:44:13-55
activity#syedamanalam.madcourse.neu.edu.numad17s_syedamanalam.scroggle.ScroggleMain
ADDED from src/main/AndroidManifest.xml:47:9-49:52
	android:screenOrientation
		ADDED from src/main/AndroidManifest.xml:49:13-49
	android:name
		ADDED from src/main/AndroidManifest.xml:48:13-50
activity#syedamanalam.madcourse.neu.edu.numad17s_syedamanalam.scroggle.ScroggleGameActivity
ADDED from src/main/AndroidManifest.xml:50:9-52:52
	android:screenOrientation
		ADDED from src/main/AndroidManifest.xml:52:13-49
	android:name
		ADDED from src/main/AndroidManifest.xml:51:13-58
activity#syedamanalam.madcourse.neu.edu.numad17s_syedamanalam.scroggle.HintClassAfterNewGame
ADDED from src/main/AndroidManifest.xml:53:9-56:52
	android:screenOrientation
		ADDED from src/main/AndroidManifest.xml:56:13-49
	android:parentActivityName
		ADDED from src/main/AndroidManifest.xml:55:13-64
	android:name
		ADDED from src/main/AndroidManifest.xml:54:13-59
activity#syedamanalam.madcourse.neu.edu.numad17s_syedamanalam.scroggle.ScrogglePhaseTwo
ADDED from src/main/AndroidManifest.xml:57:9-59:52
	android:screenOrientation
		ADDED from src/main/AndroidManifest.xml:59:13-49
	android:name
		ADDED from src/main/AndroidManifest.xml:58:13-54
activity#syedamanalam.madcourse.neu.edu.numad17s_syedamanalam.scroggle.ScroggleAck
ADDED from src/main/AndroidManifest.xml:60:9-63:52
	android:screenOrientation
		ADDED from src/main/AndroidManifest.xml:63:13-49
	android:parentActivityName
		ADDED from src/main/AndroidManifest.xml:62:13-64
	android:name
		ADDED from src/main/AndroidManifest.xml:61:13-49
service#syedamanalam.madcourse.neu.edu.numad17s_syedamanalam.twoPlayerComm.WordGameMessagingService
ADDED from src/main/AndroidManifest.xml:65:9-69:19
	android:name
		ADDED from src/main/AndroidManifest.xml:65:18-72
intent-filter#com.google.firebase.MESSAGING_EVENT
ADDED from src/main/AndroidManifest.xml:66:13-68:29
action#com.google.firebase.MESSAGING_EVENT
ADDED from src/main/AndroidManifest.xml:67:17-78
	android:name
		ADDED from src/main/AndroidManifest.xml:67:25-75
service#syedamanalam.madcourse.neu.edu.numad17s_syedamanalam.twoPlayerComm.WordGameInstanceIDService
ADDED from src/main/AndroidManifest.xml:70:9-74:19
	android:name
		ADDED from src/main/AndroidManifest.xml:70:18-73
intent-filter#com.google.firebase.INSTANCE_ID_EVENT
ADDED from src/main/AndroidManifest.xml:71:13-73:29
action#com.google.firebase.INSTANCE_ID_EVENT
ADDED from src/main/AndroidManifest.xml:72:17-80
	android:name
		ADDED from src/main/AndroidManifest.xml:72:25-77
service#syedamanalam.madcourse.neu.edu.numad17s_syedamanalam.finalProject.ActivityRecognizedService
ADDED from src/main/AndroidManifest.xml:75:9-75
	android:name
		ADDED from src/main/AndroidManifest.xml:75:18-72
activity#syedamanalam.madcourse.neu.edu.numad17s_syedamanalam.commDemo.FCMActivity
ADDED from src/main/AndroidManifest.xml:77:9-80:52
	android:screenOrientation
		ADDED from src/main/AndroidManifest.xml:80:13-49
	android:parentActivityName
		ADDED from src/main/AndroidManifest.xml:79:13-67
	android:name
		ADDED from src/main/AndroidManifest.xml:78:13-49
activity#syedamanalam.madcourse.neu.edu.numad17s_syedamanalam.commDemo.twoPlayerCHoice
ADDED from src/main/AndroidManifest.xml:81:9-84:52
	android:screenOrientation
		ADDED from src/main/AndroidManifest.xml:84:13-49
	android:parentActivityName
		ADDED from src/main/AndroidManifest.xml:83:13-47
	android:name
		ADDED from src/main/AndroidManifest.xml:82:13-53
activity#syedamanalam.madcourse.neu.edu.numad17s_syedamanalam.twoPlayerComm.userDetailsAdd
ADDED from src/main/AndroidManifest.xml:85:9-88:52
	android:screenOrientation
		ADDED from src/main/AndroidManifest.xml:88:13-49
	android:parentActivityName
		ADDED from src/main/AndroidManifest.xml:87:13-73
	android:name
		ADDED from src/main/AndroidManifest.xml:86:13-57
activity#syedamanalam.madcourse.neu.edu.numad17s_syedamanalam.twoPlayerComm.searchPlayer
ADDED from src/main/AndroidManifest.xml:89:9-92:52
	android:screenOrientation
		ADDED from src/main/AndroidManifest.xml:92:13-49
	android:parentActivityName
		ADDED from src/main/AndroidManifest.xml:91:13-71
	android:name
		ADDED from src/main/AndroidManifest.xml:90:13-55
activity#syedamanalam.madcourse.neu.edu.numad17s_syedamanalam.twoPlayerComm.ackTwoPlayerComm
ADDED from src/main/AndroidManifest.xml:93:9-96:52
	android:screenOrientation
		ADDED from src/main/AndroidManifest.xml:96:13-49
	android:parentActivityName
		ADDED from src/main/AndroidManifest.xml:95:13-71
	android:name
		ADDED from src/main/AndroidManifest.xml:94:13-59
activity#syedamanalam.madcourse.neu.edu.numad17s_syedamanalam.twoPlayerWordGame.splashScreenTwoPlayer
ADDED from src/main/AndroidManifest.xml:97:9-100:52
	android:screenOrientation
		ADDED from src/main/AndroidManifest.xml:100:13-49
	android:parentActivityName
		ADDED from src/main/AndroidManifest.xml:99:13-47
	android:name
		ADDED from src/main/AndroidManifest.xml:98:13-68
activity#syedamanalam.madcourse.neu.edu.numad17s_syedamanalam.twoPlayerWordGame.twoPlayerAckActivity
ADDED from src/main/AndroidManifest.xml:101:9-104:52
	android:screenOrientation
		ADDED from src/main/AndroidManifest.xml:104:13-49
	android:parentActivityName
		ADDED from src/main/AndroidManifest.xml:103:13-82
	android:name
		ADDED from src/main/AndroidManifest.xml:102:13-67
activity#syedamanalam.madcourse.neu.edu.numad17s_syedamanalam.twoPlayerWordGame.twoPlayerGameActivity
ADDED from src/main/AndroidManifest.xml:105:9-107:52
	android:screenOrientation
		ADDED from src/main/AndroidManifest.xml:107:13-49
	android:name
		ADDED from src/main/AndroidManifest.xml:106:13-68
activity#syedamanalam.madcourse.neu.edu.numad17s_syedamanalam.twoPlayerWordGame.twoPlayerGameTutorial
ADDED from src/main/AndroidManifest.xml:108:9-111:52
	android:screenOrientation
		ADDED from src/main/AndroidManifest.xml:111:13-49
	android:parentActivityName
		ADDED from src/main/AndroidManifest.xml:110:13-82
	android:name
		ADDED from src/main/AndroidManifest.xml:109:13-68
activity#syedamanalam.madcourse.neu.edu.numad17s_syedamanalam.twoPlayerWordGame.userDetailsAddTwoPlayer
ADDED from src/main/AndroidManifest.xml:112:9-114:52
	android:screenOrientation
		ADDED from src/main/AndroidManifest.xml:114:13-49
	android:name
		ADDED from src/main/AndroidManifest.xml:113:13-70
activity#syedamanalam.madcourse.neu.edu.numad17s_syedamanalam.twoPlayerWordGame.twoPlayerSearch
ADDED from src/main/AndroidManifest.xml:115:9-117:52
	android:screenOrientation
		ADDED from src/main/AndroidManifest.xml:117:13-49
	android:name
		ADDED from src/main/AndroidManifest.xml:116:13-62
activity#syedamanalam.madcourse.neu.edu.numad17s_syedamanalam.twoPlayerWordGame.highScoreActivity
ADDED from src/main/AndroidManifest.xml:118:9-120:52
	android:screenOrientation
		ADDED from src/main/AndroidManifest.xml:120:13-49
	android:name
		ADDED from src/main/AndroidManifest.xml:119:13-64
activity#syedamanalam.madcourse.neu.edu.numad17s_syedamanalam.trickiestPart.trickiestPart
ADDED from src/main/AndroidManifest.xml:121:9-124:52
	android:screenOrientation
		ADDED from src/main/AndroidManifest.xml:124:13-49
	android:parentActivityName
		ADDED from src/main/AndroidManifest.xml:123:13-47
	android:name
		ADDED from src/main/AndroidManifest.xml:122:13-56
activity#syedamanalam.madcourse.neu.edu.numad17s_syedamanalam.trickiestPart.UserActivityDetection
ADDED from src/main/AndroidManifest.xml:125:9-127:52
	android:screenOrientation
		ADDED from src/main/AndroidManifest.xml:127:13-49
	android:name
		ADDED from src/main/AndroidManifest.xml:126:13-64
activity#syedamanalam.madcourse.neu.edu.numad17s_syedamanalam.trickiestPart.activityRecoAck
ADDED from src/main/AndroidManifest.xml:128:9-130:52
	android:screenOrientation
		ADDED from src/main/AndroidManifest.xml:130:13-49
	android:name
		ADDED from src/main/AndroidManifest.xml:129:13-58
activity#syedamanalam.madcourse.neu.edu.numad17s_syedamanalam.finalProject.splashScreenFinalProject
ADDED from src/main/AndroidManifest.xml:133:9-147:20
	android:label
		ADDED from src/main/AndroidManifest.xml:136:13-44
	android:icon
		ADDED from src/main/AndroidManifest.xml:135:13-54
	android:name
		ADDED from src/main/AndroidManifest.xml:134:13-66
intent-filter#.finalProject.splashScreenFinalProject+android.intent.action.MAIN+android.intent.category.LAUNCHER
ADDED from src/main/AndroidManifest.xml:141:13-146:29
action#.finalProject.splashScreenFinalProject
ADDED from src/main/AndroidManifest.xml:142:17-81
	android:name
		ADDED from src/main/AndroidManifest.xml:142:25-78
activity#syedamanalam.madcourse.neu.edu.numad17s_syedamanalam.finalProject.finalProjectAcknow
ADDED from src/main/AndroidManifest.xml:148:9-151:52
	android:screenOrientation
		ADDED from src/main/AndroidManifest.xml:151:13-49
	android:parentActivityName
		ADDED from src/main/AndroidManifest.xml:150:13-80
	android:name
		ADDED from src/main/AndroidManifest.xml:149:13-60
activity#syedamanalam.madcourse.neu.edu.numad17s_syedamanalam.finalProject.getOfficeLocation
ADDED from src/main/AndroidManifest.xml:152:9-154:52
	android:screenOrientation
		ADDED from src/main/AndroidManifest.xml:154:13-49
	android:name
		ADDED from src/main/AndroidManifest.xml:153:13-59
activity#syedamanalam.madcourse.neu.edu.numad17s_syedamanalam.finalProject.getHomeLocation
ADDED from src/main/AndroidManifest.xml:155:9-157:52
	android:screenOrientation
		ADDED from src/main/AndroidManifest.xml:157:13-49
	android:name
		ADDED from src/main/AndroidManifest.xml:156:13-57
meta-data#com.google.android.geo.API_KEY
ADDED from src/main/AndroidManifest.xml:159:9-161:55
	android:value
		ADDED from src/main/AndroidManifest.xml:161:13-52
	android:name
		ADDED from src/main/AndroidManifest.xml:160:13-58
activity#syedamanalam.madcourse.neu.edu.numad17s_syedamanalam.finalProject.prefaceDiary
ADDED from src/main/AndroidManifest.xml:163:9-166:52
	android:screenOrientation
		ADDED from src/main/AndroidManifest.xml:166:13-49
	android:parentActivityName
		ADDED from src/main/AndroidManifest.xml:165:13-68
	android:name
		ADDED from src/main/AndroidManifest.xml:164:13-54
activity#syedamanalam.madcourse.neu.edu.numad17s_syedamanalam.finalProject.loadingScreenBeforeMemoryGame
ADDED from src/main/AndroidManifest.xml:167:9-169:52
	android:screenOrientation
		ADDED from src/main/AndroidManifest.xml:169:13-49
	android:name
		ADDED from src/main/AndroidManifest.xml:168:13-71
activity#syedamanalam.madcourse.neu.edu.numad17s_syedamanalam.finalProject.getUserName
ADDED from src/main/AndroidManifest.xml:170:9-173:52
	android:screenOrientation
		ADDED from src/main/AndroidManifest.xml:173:13-49
	android:parentActivityName
		ADDED from src/main/AndroidManifest.xml:172:13-80
	android:name
		ADDED from src/main/AndroidManifest.xml:171:13-53
activity#syedamanalam.madcourse.neu.edu.numad17s_syedamanalam.finalProject.questionTemplate
ADDED from src/main/AndroidManifest.xml:174:9-176:52
	android:screenOrientation
		ADDED from src/main/AndroidManifest.xml:176:13-49
	android:name
		ADDED from src/main/AndroidManifest.xml:175:13-58
activity#syedamanalam.madcourse.neu.edu.numad17s_syedamanalam.finalProject.Location_Manager_Activity
ADDED from src/main/AndroidManifest.xml:177:9-179:52
	android:screenOrientation
		ADDED from src/main/AndroidManifest.xml:179:13-49
	android:name
		ADDED from src/main/AndroidManifest.xml:178:13-67
activity#syedamanalam.madcourse.neu.edu.numad17s_syedamanalam.finalProject.specialNoteScreen
ADDED from src/main/AndroidManifest.xml:180:9-182:52
	android:screenOrientation
		ADDED from src/main/AndroidManifest.xml:182:13-49
	android:name
		ADDED from src/main/AndroidManifest.xml:181:13-59
activity#syedamanalam.madcourse.neu.edu.numad17s_syedamanalam.finalProject.scoreOfMemorMe
ADDED from src/main/AndroidManifest.xml:183:9-185:52
	android:screenOrientation
		ADDED from src/main/AndroidManifest.xml:185:13-49
	android:name
		ADDED from src/main/AndroidManifest.xml:184:13-56
activity#syedamanalam.madcourse.neu.edu.numad17s_syedamanalam.finalProject.indexOfDiary
ADDED from src/main/AndroidManifest.xml:186:9-189:52
	android:screenOrientation
		ADDED from src/main/AndroidManifest.xml:189:13-49
	android:parentActivityName
		ADDED from src/main/AndroidManifest.xml:188:13-68
	android:name
		ADDED from src/main/AndroidManifest.xml:187:13-54
activity#syedamanalam.madcourse.neu.edu.numad17s_syedamanalam.finalProject.animation
ADDED from src/main/AndroidManifest.xml:190:9-192:52
	android:screenOrientation
		ADDED from src/main/AndroidManifest.xml:192:13-49
	android:name
		ADDED from src/main/AndroidManifest.xml:191:13-51
activity#syedamanalam.madcourse.neu.edu.numad17s_syedamanalam.finalProject.AppDescriptionScreen
ADDED from src/main/AndroidManifest.xml:193:9-196:52
	android:screenOrientation
		ADDED from src/main/AndroidManifest.xml:196:13-49
	android:parentActivityName
		ADDED from src/main/AndroidManifest.xml:195:13-47
	android:name
		ADDED from src/main/AndroidManifest.xml:194:13-62
activity#syedamanalam.madcourse.neu.edu.numad17s_syedamanalam.finalProject.OfficeStartTime
ADDED from src/main/AndroidManifest.xml:197:9-199:52
	android:screenOrientation
		ADDED from src/main/AndroidManifest.xml:199:13-49
	android:name
		ADDED from src/main/AndroidManifest.xml:198:13-57
activity#syedamanalam.madcourse.neu.edu.numad17s_syedamanalam.finalProject.OfficeEndTime
ADDED from src/main/AndroidManifest.xml:200:9-202:52
	android:screenOrientation
		ADDED from src/main/AndroidManifest.xml:202:13-49
	android:name
		ADDED from src/main/AndroidManifest.xml:201:13-55
activity#syedamanalam.madcourse.neu.edu.numad17s_syedamanalam.finalProject.DiaryPeek
ADDED from src/main/AndroidManifest.xml:203:9-205:52
	android:screenOrientation
		ADDED from src/main/AndroidManifest.xml:205:13-49
	android:name
		ADDED from src/main/AndroidManifest.xml:204:13-51
activity#syedamanalam.madcourse.neu.edu.numad17s_syedamanalam.finalProject.DisplayRealtimeActivity
ADDED from src/main/AndroidManifest.xml:206:9-208:52
	android:screenOrientation
		ADDED from src/main/AndroidManifest.xml:208:13-49
	android:name
		ADDED from src/main/AndroidManifest.xml:207:13-65
meta-data#com.google.android.gms.version
ADDED from src/main/AndroidManifest.xml:210:9-212:69
MERGED from [com.google.android.gms:play-services-basement:10.2.0] AndroidManifest.xml:20:9-121
	android:value
		ADDED from src/main/AndroidManifest.xml:212:13-66
	android:name
		ADDED from src/main/AndroidManifest.xml:211:13-58
activity#syedamanalam.madcourse.neu.edu.numad17s_syedamanalam.finalProject.MapsActivity
ADDED from src/main/AndroidManifest.xml:214:9-218:52
	android:screenOrientation
		ADDED from src/main/AndroidManifest.xml:218:13-49
	android:label
		ADDED from src/main/AndroidManifest.xml:216:13-56
	android:parentActivityName
		ADDED from src/main/AndroidManifest.xml:217:13-47
	android:name
		ADDED from src/main/AndroidManifest.xml:215:13-54
activity#syedamanalam.madcourse.neu.edu.numad17s_syedamanalam.finalProject.MainScreenAfterAnimation
ADDED from src/main/AndroidManifest.xml:219:9-221:52
	android:screenOrientation
		ADDED from src/main/AndroidManifest.xml:221:13-49
	android:name
		ADDED from src/main/AndroidManifest.xml:220:13-66
activity#syedamanalam.madcourse.neu.edu.numad17s_syedamanalam.finalProject.Instruc
ADDED from src/main/AndroidManifest.xml:222:9-225:61
	android:screenOrientation
		ADDED from src/main/AndroidManifest.xml:225:13-49
	android:parentActivityName
		ADDED from src/main/AndroidManifest.xml:224:13-80
	android:name
		ADDED from src/main/AndroidManifest.xml:223:13-49
uses-sdk
INJECTED from src/main/AndroidManifest.xml reason: use-sdk injection requested
MERGED from [pl.droidsonroids.gif:android-gif-drawable:1.2.6] AndroidManifest.xml:7:5-9:41
MERGED from [com.android.support.constraint:constraint-layout:1.0.1] AndroidManifest.xml:5:5-7:41
MERGED from [com.android.support:design:25.3.1] AndroidManifest.xml:21:5-23:62
MERGED from [com.android.support:recyclerview-v7:25.3.1] AndroidManifest.xml:20:5-43
MERGED from [com.android.support:transition:25.3.1] AndroidManifest.xml:20:5-44
MERGED from [com.google.android.gms:play-services:10.2.0] AndroidManifest.xml:4:5-43
MERGED from [com.google.android.gms:play-services-ads:10.2.0] AndroidManifest.xml:17:5-43
MERGED from [com.google.android.gms:play-services-ads-lite:10.2.0] AndroidManifest.xml:22:5-43
MERGED from [com.google.android.gms:play-services-analytics:10.2.0] AndroidManifest.xml:17:5-43
MERGED from [com.google.android.gms:play-services-appinvite:10.2.0] AndroidManifest.xml:17:5-43
MERGED from [com.google.android.gms:play-services-auth:10.2.0] AndroidManifest.xml:17:5-43
MERGED from [com.google.android.gms:play-services-auth-base:10.2.0] AndroidManifest.xml:4:5-43
MERGED from [com.google.android.gms:play-services-cast-framework:10.2.0] AndroidManifest.xml:3:5-43
MERGED from [com.google.android.gms:play-services-cast:10.2.0] AndroidManifest.xml:17:5-43
MERGED from [com.android.support:mediarouter-v7:24.0.0] AndroidManifest.xml:20:5-43
MERGED from [com.android.support:palette-v7:24.0.0] AndroidManifest.xml:20:5-43
MERGED from [com.android.support:appcompat-v7:25.3.1] AndroidManifest.xml:21:5-23:78
MERGED from [com.android.support:animated-vector-drawable:25.3.1] AndroidManifest.xml:20:5-44
MERGED from [com.android.support:support-vector-drawable:25.3.1] AndroidManifest.xml:20:5-43
MERGED from [com.google.android.gms:play-services-clearcut:10.2.0] AndroidManifest.xml:17:5-43
MERGED from [com.google.firebase:firebase-config:10.2.0] AndroidManifest.xml:17:5-43
MERGED from [com.google.android.gms:play-services-awareness:10.2.0] AndroidManifest.xml:17:5-43
MERGED from [com.google.firebase:firebase-crash:10.2.0] AndroidManifest.xml:20:5-43
MERGED from [com.google.firebase:firebase-auth:10.2.0] AndroidManifest.xml:17:5-43
MERGED from [com.google.firebase:firebase-database:10.2.0] AndroidManifest.xml:3:5-43
MERGED from [com.google.firebase:firebase-database-connection:10.2.0] AndroidManifest.xml:3:5-43
MERGED from [com.google.firebase:firebase-messaging:10.2.0] AndroidManifest.xml:17:5-43
MERGED from [com.google.firebase:firebase-storage:10.2.0] AndroidManifest.xml:3:5-43
MERGED from [com.google.firebase:firebase-storage-common:10.2.0] AndroidManifest.xml:3:5-43
MERGED from [com.google.android.gms:play-services-fitness:10.2.0] AndroidManifest.xml:17:5-43